<?xml version="1.0" encoding="UTF-8"?>
<testsuite name="CalculadorCombustibleTest" tests="1" skipped="0" failures="0" errors="0" timestamp="2024-06-14T02:45:00" hostname="DESKTOP-HPDGRLJ" time="0.629">
  <properties/>
  <testcase name="testCalcularCombustibleIgualA15000()" classname="CalculadorCombustibleTest" time="0.629"/>
  <system-out><![CDATA[]]></system-out>
  <system-err><![CDATA[]]></system-err>
</testsuite>
